<?xml version="1.0" encoding="UTF-8" ?>
<testsuite failures="0" time="0.01" errors="0" skipped="0" tests="5" name="de.gzockoll.accounting.AccountingTransactionTest">
  <properties>
[...]
</properties>
  <testcase time="0.001" classname="de.gzockoll.accounting.AccountingTransactionTest" name="testCanPost2Way"/>
  <testcase time="0.001" classname="de.gzockoll.accounting.AccountingTransactionTest" name="testCanPost3Way"/>
  <testcase time="0.001" classname="de.gzockoll.accounting.AccountingTransactionTest" name="testPost2Way"/>
  <testcase time="0" classname="de.gzockoll.accounting.AccountingTransactionTest" name="testPost3Way"/>
  <testcase time="0.001" classname="de.gzockoll.accounting.AccountingTransactionTest" name="testCanNotPost"/>
</testsuite>